Fri 21 Mar 2025 02:44:07 PM UTC: 
 exercises.c | 18 +++++++++++++++++-
 1 file changed, 17 insertions(+), 1 deletion(-)
In file included from test.c:5:
exercises.c: In function ‘crea_lista’:
exercises.c:47:7: error: expected expression before ‘int’
   47 |       int (*num) = malloc(sizeof(int));
      |       ^~~
exercises.c:46:4: error: this ‘for’ clause does not guard... [-Werror=misleading-indentation]
   46 |    for(int i = 1; i <= 10; i++)
      |    ^~~
exercises.c:48:7: note: ...this statement, but the latter is misleadingly indented as if it were guarded by the ‘for’
   48 |       *num = i;
      |       ^
exercises.c:48:8: error: ‘num’ undeclared (first use in this function)
   48 |       *num = i;
      |        ^~~
exercises.c:48:8: note: each undeclared identifier is reported only once for each function it appears in
exercises.c:48:14: error: ‘i’ undeclared (first use in this function)
   48 |       *num = i;
      |              ^
exercises.c: In function ‘copia_pila’:
exercises.c:93:11: error: unused variable ‘aux’ [-Werror=unused-variable]
   93 |    Stack* aux = create_stack();
      |           ^~~
cc1: all warnings being treated as errors
Compilation failed
3f6cb15
Fri 21 Mar 2025 02:47:38 PM UTC: 
 exercises.c | 2 +-
 1 file changed, 1 insertion(+), 1 deletion(-)
In file included from test.c:5:
exercises.c: In function ‘crea_lista’:
exercises.c:47:7: error: expected expression before ‘int’
   47 |       int *num = (*int) malloc(sizeof(int));
      |       ^~~
exercises.c:46:4: error: this ‘for’ clause does not guard... [-Werror=misleading-indentation]
   46 |    for(int i = 1; i <= 10; i++)
      |    ^~~
exercises.c:48:7: note: ...this statement, but the latter is misleadingly indented as if it were guarded by the ‘for’
   48 |       *num = i;
      |       ^
exercises.c:48:8: error: ‘num’ undeclared (first use in this function)
   48 |       *num = i;
      |        ^~~
exercises.c:48:8: note: each undeclared identifier is reported only once for each function it appears in
exercises.c:48:14: error: ‘i’ undeclared (first use in this function)
   48 |       *num = i;
      |              ^
exercises.c: In function ‘copia_pila’:
exercises.c:93:11: error: unused variable ‘aux’ [-Werror=unused-variable]
   93 |    Stack* aux = create_stack();
      |           ^~~
cc1: all warnings being treated as errors
Compilation failed
74a8d8b
Fri 21 Mar 2025 02:54:19 PM UTC: 
 exercises.c | 5 +++--
 1 file changed, 3 insertions(+), 2 deletions(-)
In file included from test.c:5:
exercises.c: In function ‘copia_pila’:
exercises.c:94:11: error: unused variable ‘aux’ [-Werror=unused-variable]
   94 |    Stack* aux = create_stack();
      |           ^~~
cc1: all warnings being treated as errors
Compilation failed
0bb7bd6
Fri 21 Mar 2025 02:57:05 PM UTC: 
In file included from test.c:5:
exercises.c: In function ‘copia_pila’:
exercises.c:94:11: error: unused variable ‘aux’ [-Werror=unused-variable]
   94 |    Stack* aux = create_stack();
      |           ^~~
cc1: all warnings being treated as errors
Compilation failed
8abda48
Sun 23 Mar 2025 12:52:31 AM UTC: 
 exercises.c | 24 +++++++++++++++++++++++-
 1 file changed, 23 insertions(+), 1 deletion(-)
In file included from test.c:5:
exercises.c: In function ‘parentesisBalanceados’:
exercises.c:124:10: error: ‘balanace’ undeclared (first use in this function); did you mean ‘balance’?
  124 |          balanace--;
      |          ^~~~~~~~
      |          balance
exercises.c:124:10: note: each undeclared identifier is reported only once for each function it appears in
exercises.c:117:8: error: unused variable ‘abrir’ [-Werror=unused-variable]
  117 |    int abrir = 0;
      |        ^~~~~
cc1: all warnings being treated as errors
Compilation failed
45bd817
Sun 23 Mar 2025 12:58:31 AM UTC: 
 exercises.c | 1 -
 1 file changed, 1 deletion(-)
In file included from test.c:5:
exercises.c: In function ‘parentesisBalanceados’:
exercises.c:123:10: error: ‘balanace’ undeclared (first use in this function); did you mean ‘balance’?
  123 |          balanace--;
      |          ^~~~~~~~
      |          balance
exercises.c:123:10: note: each undeclared identifier is reported only once for each function it appears in
Compilation failed
974b4a2
Sun 23 Mar 2025 12:59:07 AM UTC: 
 exercises.c | 3 ++-
 1 file changed, 2 insertions(+), 1 deletion(-)
In file included from test.c:5:
exercises.c: In function ‘parentesisBalanceados’:
exercises.c:123:10: error: unknown type name ‘balanbash’
  123 |          balanbash test.sh
      |          ^~~~~~~~~
exercises.c:123:24: error: expected ‘=’, ‘,’, ‘;’, ‘asm’ or ‘__attribute__’ before ‘.’ token
  123 |          balanbash test.sh
      |                        ^
Compilation failed
1df0df4
